0 info it worked if it ends with ok
1 verbose cli [ 'D:\\nodejs\\node.exe',
1 verbose cli   'D:\\nodejs\\node_modules\\npm\\bin\\npm-cli.js',
1 verbose cli   'run',
1 verbose cli   'dev' ]
2 info using npm@3.10.10
3 info using node@v6.9.4
4 verbose run-script [ 'predev', 'dev', 'postdev' ]
5 info lifecycle newhaimi@1.0.0~predev: newhaimi@1.0.0
6 silly lifecycle newhaimi@1.0.0~predev: no script for predev, continuing
7 info lifecycle newhaimi@1.0.0~dev: newhaimi@1.0.0
8 verbose lifecycle newhaimi@1.0.0~dev: unsafe-perm in lifecycle true
9 verbose lifecycle newhaimi@1.0.0~dev: PATH: D:\nodejs\node_modules\npm\bin\node-gyp-bin;H:\haimiwangTwo\webHaimi\node_modules\.bin;C:\Program Files (x86)\Intel\iCLS Client\;C:\Program Files\Intel\iCLS Client\;C:\Program Files\Dell\DW WLAN Card;C:\Windows\system32;C:\Windows;C:\Windows\System32\Wbem;C:\Windows\System32\WindowsPowerShell\v1.0\;c:\Program Files\WIDCOMM\Bluetooth Software\;c:\Program Files\WIDCOMM\Bluetooth Software\syswow64;C:\Program Files\Intel\Intel(R) Management Engine Components\DAL;C:\Program Files (x86)\Intel\Intel(R) Management Engine Components\DAL;C:\Program Files\Intel\Intel(R) Management Engine Components\IPT;C:\Program Files (x86)\Intel\Intel(R) Management Engine Components\IPT;C:\Program Files (x86)\NVIDIA Corporation\PhysX\Common;D:\nodejs\;D:\Program Files\TortoiseSVN\bin;D:\1502CangularG\Git\cmd;C:\Intel\Git\cmd;C:\Ruby23-x64\bin;C:\Users\gg\AppData\Roaming\npm;D:\AppServ\Apache2.2\bin;D:\AppServ\php5;D:\AppServ\MySQL\bin
10 verbose lifecycle newhaimi@1.0.0~dev: CWD: H:\haimiwangTwo\webHaimi
11 silly lifecycle newhaimi@1.0.0~dev: Args: [ '/d /s /c', 'node build/dev-server.js' ]
12 silly lifecycle newhaimi@1.0.0~dev: Returned: code: 1  signal: null
13 info lifecycle newhaimi@1.0.0~dev: Failed to exec dev script
14 verbose stack Error: newhaimi@1.0.0 dev: `node build/dev-server.js`
14 verbose stack Exit status 1
14 verbose stack     at EventEmitter.<anonymous> (D:\nodejs\node_modules\npm\lib\utils\lifecycle.js:255:16)
14 verbose stack     at emitTwo (events.js:106:13)
14 verbose stack     at EventEmitter.emit (events.js:191:7)
14 verbose stack     at ChildProcess.<anonymous> (D:\nodejs\node_modules\npm\lib\utils\spawn.js:40:14)
14 verbose stack     at emitTwo (events.js:106:13)
14 verbose stack     at ChildProcess.emit (events.js:191:7)
14 verbose stack     at maybeClose (internal/child_process.js:877:16)
14 verbose stack     at Process.ChildProcess._handle.onexit (internal/child_process.js:226:5)
15 verbose pkgid newhaimi@1.0.0
16 verbose cwd H:\haimiwangTwo\webHaimi
17 error Windows_NT 6.3.9600
18 error argv "D:\\nodejs\\node.exe" "D:\\nodejs\\node_modules\\npm\\bin\\npm-cli.js" "run" "dev"
19 error node v6.9.4
20 error npm  v3.10.10
21 error code ELIFECYCLE
22 error newhaimi@1.0.0 dev: `node build/dev-server.js`
22 error Exit status 1
23 error Failed at the newhaimi@1.0.0 dev script 'node build/dev-server.js'.
23 error Make sure you have the latest version of node.js and npm installed.
23 error If you do, this is most likely a problem with the newhaimi package,
23 error not with npm itself.
23 error Tell the author that this fails on your system:
23 error     node build/dev-server.js
23 error You can get information on how to open an issue for this project with:
23 error     npm bugs newhaimi
23 error Or if that isn't available, you can get their info via:
23 error     npm owner ls newhaimi
23 error There is likely additional logging output above.
24 verbose exit [ 1, true ]
